\BOOKMARK [0][-]{chapter.1}{\376\377\000C\000o\000n\000t\000e\000x\000t\000e\000\040\000d\000u\000\040\000p\000r\000o\000j\000e\000t}{}% 1
\BOOKMARK [1][-]{section.1.1}{\376\377\000I\000n\000t\000r\000o\000d\000u\000c\000t\000i\000o\000n}{chapter.1}% 2
\BOOKMARK [2][-]{subsection.1.1.1}{\376\377\000P\000r\000\351\000s\000e\000n\000t\000a\000t\000i\000o\000n\000\040\000d\000e\000\040\000l\040\031\000o\000r\000g\000a\000n\000i\000s\000m\000e\000\040\000d\040\031\000a\000c\000c\000u\000e\000i\000l}{section.1.1}% 3
\BOOKMARK [3][-]{subsubsection.1.1.1.1}{\376\377\000C\000r\000\351\000a\000t\000i\000o\000n}{subsection.1.1.1}% 4
\BOOKMARK [3][-]{subsubsection.1.1.1.2}{\376\377\000M\000i\000s\000s\000i\000o\000n}{subsection.1.1.1}% 5
\BOOKMARK [3][-]{subsubsection.1.1.1.3}{\376\377\000H\000i\000s\000t\000o\000r\000i\000q\000u\000e}{subsection.1.1.1}% 6
\BOOKMARK [3][-]{subsubsection.1.1.1.4}{\376\377\000O\000u\000v\000e\000r\000t\000u\000r\000e\000\040\000s\000u\000r\000\040\000l\040\031\000e\000n\000v\000i\000r\000o\000n\000n\000e\000m\000e\000n\000t\000\040\000e\000t\000\040\000c\000o\000n\000v\000e\000n\000t\000i\000o\000n}{subsection.1.1.1}% 7
\BOOKMARK [3][-]{subsubsection.1.1.1.5}{\376\377\000L\000e\000s\000\040\000s\000e\000r\000v\000i\000c\000e\000s\000\040\000d\000e\000\040\000l\040\031\000I\000S\000E\000T\000.}{subsection.1.1.1}% 8
\BOOKMARK [3][-]{subsubsection.1.1.1.6}{\376\377\000P\000r\000i\000n\000c\000i\000p\000a\000u\000x\000\040\000S\000e\000r\000v\000i\000c\000e\000s\000\040\000e\000n\000\040\000r\000e\000l\000a\000t\000i\000o\000n\000\040\000a\000v\000e\000c\000\040\000l\000e\000s\000\040\000\351\000t\000u\000d\000i\000a\000n\000t\000s}{subsection.1.1.1}% 9
\BOOKMARK [2][-]{subsection.1.1.2}{\376\377\000C\000a\000d\000r\000e\000\040\000d\000u\000\040\000p\000r\000o\000j\000e\000t}{section.1.1}% 10
\BOOKMARK [2][-]{subsection.1.1.3}{\376\377\000D\000e\000s\000c\000r\000i\000p\000t\000i\000o\000n\000\040\000d\000u\000\040\000c\000o\000n\000t\000e\000x\000t\000e\000\040\000d\000u\000\040\000p\000r\000o\000j\000e\000t}{section.1.1}% 11
\BOOKMARK [3][-]{subsubsection.1.1.3.1}{\376\377\000P\000r\000o\000b\000l\000\351\000m\000a\000t\000i\000q\000u\000e}{subsection.1.1.3}% 12
\BOOKMARK [3][-]{subsubsection.1.1.3.2}{\376\377\000\311\000t\000u\000d\000e\000\040\000d\000e\000\040\000l\040\031\000e\000x\000i\000s\000t\000a\000n\000t}{subsection.1.1.3}% 13
\BOOKMARK [3][-]{subsubsection.1.1.3.3}{\376\377\000I\000d\000e\000n\000t\000i\000f\000i\000c\000a\000t\000i\000o\000n\000\040\000d\000e\000\040\000l\040\031\000e\000n\000v\000i\000r\000o\000n\000n\000e\000m\000e\000n\000t}{subsection.1.1.3}% 14
\BOOKMARK [3][-]{subsubsection.1.1.3.4}{\376\377\000S\000o\000l\000u\000t\000i\000o\000n\000\040\000p\000r\000o\000p\000o\000s\000\351\000e}{subsection.1.1.3}% 15
\BOOKMARK [2][-]{subsection.1.1.4}{\376\377\000C\000o\000n\000t\000r\000a\000i\000n\000t\000e\000\040\000d\000u\000\040\000p\000r\000o\000j\000e\000t}{section.1.1}% 16
\BOOKMARK [2][-]{subsection.1.1.5}{\376\377\000C\000y\000c\000l\000e\000\040\000d\000e\000\040\000v\000i\000e\000\040\000d\040\031\000u\000n\000\040\000p\000r\000o\000j\000e\000t\000\040\000d\000\351\000c\000i\000s\000i\000o\000n\000n\000e\000l}{section.1.1}% 17
\BOOKMARK [3][-]{subsubsection.1.1.5.1}{\376\377\000P\000l\000a\000n\000i\000f\000i\000c\000a\000t\000i\000o\000n}{subsection.1.1.5}% 18
\BOOKMARK [3][-]{subsubsection.1.1.5.2}{\376\377\000L\000a\000\040\000d\000\351\000f\000i\000n\000i\000t\000i\000o\000n\000\040\000d\000e\000s\000\040\000b\000e\000s\000o\000i\000n\000s\000\040\000d\000e\000\040\000l\040\031\000e\000n\000t\000r\000e\000p\000r\000i\000s\000e}{subsection.1.1.5}% 19
\BOOKMARK [3][-]{subsubsection.1.1.5.3}{\376\377\000C\000o\000n\000c\000e\000p\000t\000i\000o\000n\000\040\000d\000u\000\040\000m\000o\000d\000\350\000l\000e\000\040\000p\000h\000y\000s\000i\000q\000u\000e\000\040}{subsection.1.1.5}% 20
\BOOKMARK [3][-]{subsubsection.1.1.5.4}{\376\377\000M\000o\000d\000\351\000l\000i\000s\000a\000t\000i\000o\000n\000\040\000m\000u\000l\000t\000i\000d\000i\000m\000e\000n\000s\000i\000o\000n\000n\000e\000l\000l\000e}{subsection.1.1.5}% 21
\BOOKMARK [3][-]{subsubsection.1.1.5.5}{\376\377\000C\000o\000n\000c\000e\000p\000t\000i\000o\000n\000\040\000e\000t\000\040\000d\000\351\000v\000e\000l\000o\000p\000p\000e\000m\000e\000n\000t\000\040\000d\000e\000s\000\040\000\351\000l\000\351\000m\000e\000n\000t\000s\000\040\000d\000e\000\040\000l\000a\000\040\000z\000o\000n\000e\000\040\000d\000e\000\040\000p\000r\000\351\000p\000a\000r\000a\000t\000i\000o\000n\000\040\000d\000e\000s\000\040\000d\000o\000n\000n\000\351\000e\000s\000\040}{subsection.1.1.5}% 22
\BOOKMARK [3][-]{subsubsection.1.1.5.6}{\376\377\000D\000\351\000f\000i\000n\000i\000t\000i\000o\000n\000\040\000d\000e\000\040\000l\040\031\000a\000r\000c\000h\000i\000t\000e\000c\000t\000u\000r\000e\000\040\000t\000e\000c\000h\000n\000i\000q\000u\000e}{subsection.1.1.5}% 23
\BOOKMARK [3][-]{subsubsection.1.1.5.7}{\376\377\000S\000\351\000l\000e\000c\000t\000i\000o\000n\000\040\000e\000t\000\040\000i\000n\000s\000t\000a\000l\000l\000a\000t\000i\000o\000n\000\040\000d\000e\000s\000\040\000o\000u\000t\000i\000l\000s}{subsection.1.1.5}% 24
\BOOKMARK [3][-]{subsubsection.1.1.5.8}{\376\377\000C\000o\000n\000c\000e\000p\000t\000i\000o\000n\000\040\000d\000e\000\040\000l\040\031\000a\000p\000p\000l\000i\000c\000a\000t\000i\000o\000n\000\040\000B\000I}{subsection.1.1.5}% 25
\BOOKMARK [3][-]{subsubsection.1.1.5.9}{\376\377\000D\000\351\000v\000e\000l\000o\000p\000p\000e\000m\000e\000n\000t\000\040\000d\000e\000\040\000l\040\031\000a\000p\000p\000l\000i\000c\000a\000t\000i\000o\000n\000\040\000u\000t\000i\000l\000i\000s\000a\000t\000e\000u\000r}{subsection.1.1.5}% 26
\BOOKMARK [3][-]{subsubsection.1.1.5.10}{\376\377\000D\000\351\000p\000l\000o\000i\000e\000m\000e\000n\000t}{subsection.1.1.5}% 27
\BOOKMARK [3][-]{subsubsection.1.1.5.11}{\376\377\000M\000a\000i\000n\000t\000e\000n\000a\000n\000c\000e\000\040\000e\000t\000\040\000c\000r\000o\000i\000s\000s\000a\000n\000c\000e}{subsection.1.1.5}% 28
\BOOKMARK [3][-]{subsubsection.1.1.5.12}{\376\377\000G\000e\000s\000t\000i\000o\000n\000\040\000d\000u\000\040\000p\000r\000o\000j\000e\000t}{subsection.1.1.5}% 29
\BOOKMARK [2][-]{subsection.1.1.6}{\376\377\000P\000l\000a\000n\000i\000f\000i\000c\000a\000t\000i\000o\000n\000\040\000d\000u\000\040\000p\000r\000o\000j\000e\000t}{section.1.1}% 30
\BOOKMARK [1][-]{section.1.2}{\376\377\000C\000o\000n\000c\000l\000u\000s\000i\000o\000n}{chapter.1}% 31
\BOOKMARK [0][-]{chapter.2}{\376\377\000N\000o\000t\000i\000o\000n\000\040\000T\000h\000\351\000o\000r\000i\000q\000u\000e}{}% 32
\BOOKMARK [1][-]{section.2.1}{\376\377\000I\000n\000t\000r\000o\000d\000u\000c\000t\000i\000o\000n}{chapter.2}% 33
\BOOKMARK [1][-]{section.2.2}{\376\377\000L\000e\000s\000\040\000s\000y\000s\000t\000\350\000m\000e\000s\000\040\000d\000\351\000c\000i\000s\000i\000o\000n\000n\000e\000l\000s\000\040\000\050\000B\000u\000s\000i\000n\000e\000s\000s\000\040\000I\000n\000t\000e\000l\000l\000i\000g\000e\000n\000c\000e\000\051}{chapter.2}% 34
\BOOKMARK [2][-]{subsection.2.2.1}{\376\377\000L\000e\000s\000\040\000a\000v\000a\000n\000t\000a\000g\000e\000s\000\040\000d\040\031\000u\000n\000e\000\040\000s\000o\000l\000u\000t\000i\000o\000n\000\040\000B\000I}{section.2.2}% 35
\BOOKMARK [2][-]{subsection.2.2.2}{\376\377\000L\000e\000s\000\040\000d\000o\000m\000a\000i\000n\000e\000s\000\040\000d\040\031\000u\000t\000i\000l\000i\000s\000a\000t\000i\000o\000n\000\040\000d\000e\000\040\000l\000a\000\040\000B\000I}{section.2.2}% 36
\BOOKMARK [1][-]{section.2.3}{\376\377\000D\000\351\000c\000i\000s\000i\000o\000n\000n\000e\000l\000\040\000v\000s\000\040\000t\000r\000a\000n\000s\000a\000c\000t\000i\000o\000n\000n\000e\000l\000\040\000\050\000O\000L\000A\000P\000\040\000v\000s\000\040\000O\000L\000T\000P\000\051}{chapter.2}% 37
\BOOKMARK [1][-]{section.2.4}{\376\377\000D\000a\000t\000a\000\040\000W\000a\000r\000e\000h\000o\000u\000s\000e}{chapter.2}% 38
\BOOKMARK [2][-]{subsection.2.4.1}{\376\377\000Q\000u\040\031\000e\000s\000t\000\040\000C\000e\000\040\000q\000u\040\031\000u\000n\000\040\000D\000a\000t\000a\000\040\000W\000a\000r\000e\000h\000o\000u\000s\000e}{section.2.4}% 39
\BOOKMARK [2][-]{subsection.2.4.2}{\376\377\000H\000i\000s\000t\000o\000r\000i\000q\000u\000e\000\040\000d\000e\000s\000\040\000D\000a\000t\000a\000\040\000W\000a\000r\000e\000h\000o\000u\000s\000e}{section.2.4}% 40
\BOOKMARK [2][-]{subsection.2.4.3}{\376\377\000M\000o\000d\000\351\000l\000i\000s\000a\000t\000i\000o\000n\000\040\000d\000e\000\040\000d\000o\000n\000n\000\351\000e\000s\000\040\000d\040\031\000u\000n\000\040\000D\000W}{section.2.4}% 41
\BOOKMARK [3][-]{subsubsection.2.4.3.1}{\376\377\000C\000o\000n\000c\000e\000p\000t\000s}{subsection.2.4.3}% 42
\BOOKMARK [3][-]{subsubsection.2.4.3.2}{\376\377\000D\000i\000f\000f\000\351\000r\000e\000n\000t\000s\000\040\000m\000o\000d\000\350\000l\000e\000s\000\040\000d\000e\000\040\000l\000a\000\040\000m\000o\000d\000\351\000l\000i\000s\000a\000t\000i\000o\000n\000\040\000d\000i\000m\000e\000n\000s\000i\000o\000n\000n\000e\000l\000l\000e}{subsection.2.4.3}% 43
\BOOKMARK [2][-]{subsection.2.4.4}{\376\377\000C\000o\000n\000c\000e\000p\000t\000\040\000O\000L\000A\000P}{section.2.4}% 44
\BOOKMARK [2][-]{subsection.2.4.5}{\376\377\000A\000r\000c\000h\000i\000t\000e\000c\000t\000u\000r\000e\000\040\000e\000t\000\040\000c\000o\000m\000p\000o\000s\000a\000n\000t\000s\000\040\000d\040\031\000u\000n\000\040\000s\000y\000s\000t\000\352\000m\000e\000\040\000B\000I}{section.2.4}% 45
\BOOKMARK [3][-]{subsubsection.2.4.5.1}{\376\377\000S\000o\000u\000r\000c\000e\000s\000\040\000d\000e\000\040\000d\000o\000n\000n\000\351\000e\000s}{subsection.2.4.5}% 46
\BOOKMARK [3][-]{subsubsection.2.4.5.2}{\376\377\000E\000T\000L}{subsection.2.4.5}% 47
\BOOKMARK [3][-]{subsubsection.2.4.5.3}{\376\377\000E\000n\000t\000r\000e\000p\000\364\000t\000\040\000d\000e\000\040\000d\000o\000n\000n\000\351\000e\000s}{subsection.2.4.5}% 48
\BOOKMARK [3][-]{subsubsection.2.4.5.4}{\376\377\000M\000o\000d\000\350\000l\000e\000\040\000d\000e\000\040\000d\000o\000n\000n\000\351\000e\000s}{subsection.2.4.5}% 49
\BOOKMARK [3][-]{subsubsection.2.4.5.5}{\376\377\000V\000i\000s\000u\000a\000l\000i\000s\000a\000t\000i\000o\000n\000\040\000d\000e\000\040\000d\000o\000n\000n\000\351\000e\000s}{subsection.2.4.5}% 50
\BOOKMARK [1][-]{section.2.5}{\376\377\000S\000o\000l\000u\000t\000i\000o\000n\000s\000\040\000B\000I\000\040\000p\000r\000\351\000s\000e\000n\000t\000e\000s\000\040\000s\000u\000r\000\040\000l\000e\000\040\000m\000a\000r\000c\000h\000\351}{chapter.2}% 51
\BOOKMARK [2][-]{subsection.2.5.1}{\376\377\000E\000n\000v\000i\000r\000o\000n\000n\000e\000m\000e\000n\000t\000\040\000l\000o\000g\000i\000c\000i\000e\000l\000\040\000c\000h\000o\000i\000s\000i}{section.2.5}% 52
\BOOKMARK [1][-]{section.2.6}{\376\377\000D\000\351\000m\000a\000r\000c\000h\000e\000s\000\040\000e\000t\000\040\000M\000\351\000t\000h\000o\000d\000o\000l\000o\000g\000i\000e\000s}{chapter.2}% 53
\BOOKMARK [2][-]{subsection.2.6.1}{\376\377\000M\000\351\000t\000h\000o\000d\000o\000l\000o\000g\000i\000e\000\040\000d\000e\000\040\000t\000r\000a\000v\000a\000i\000l}{section.2.6}% 54
\BOOKMARK [2][-]{subsection.2.6.2}{\376\377\000A\000p\000p\000r\000o\000c\000h\000e\000s\000\040\000d\000e\000\040\000m\000o\000d\000\351\000l\000i\000s\000a\000t\000i\000o\000n\000\040\000B\000I\000\040\000A\000d\000o\000p\000t\000\351}{section.2.6}% 55
\BOOKMARK [3][-]{subsubsection.2.6.2.1}{\376\377\000I\000n\000m\000o\000n\000\040\000:\000\040\000d\000e\000\040\000l\040\031\000e\000n\000t\000r\000e\000p\000\364\000t\000\040\000a\000u\000x\000\040\000m\000a\000g\000a\000s\000i\000n\000s}{subsection.2.6.2}% 56
\BOOKMARK [3][-]{subsubsection.2.6.2.2}{\376\377\000K\000i\000m\000b\000a\000l\000l\000\040\000:\000\040\000d\000e\000s\000\040\000m\000a\000g\000a\000s\000i\000n\000s\000\040\000\340\000\040\000l\040\031\000e\000n\000t\000r\000e\000p\000\364\000t}{subsection.2.6.2}% 57
\BOOKMARK [1][-]{section.2.7}{\376\377\000C\000o\000n\000c\000l\000u\000s\000i\000o\000n}{chapter.2}% 58
\BOOKMARK [0][-]{chapter.3}{\376\377\000C\000o\000n\000c\000e\000p\000t\000i\000o\000n\000\040\000e\000t\000\040\000D\000\351\000v\000e\000l\000o\000p\000p\000e\000m\000e\000n\000t\000\040\000d\000e\000\040\000l\040\031\000E\000T\000L}{}% 59
\BOOKMARK [1][-]{section.3.1}{\376\377\000I\000n\000t\000r\000o\000d\000u\000c\000t\000i\000o\000n}{chapter.3}% 60
\BOOKMARK [1][-]{section.3.2}{\376\377\000C\000o\000u\000c\000h\000e\000\040\000s\000o\000u\000r\000c\000e\000\040\000d\000e\000\040\000d\000o\000n\000n\000\351\000e\000s}{chapter.3}% 61
\BOOKMARK [1][-]{section.3.3}{\376\377\000C\000o\000u\000c\000h\000e\000\040\000d\000e\000\040\000p\000r\000\351\000p\000a\000r\000a\000t\000i\000o\000n\000\040\000d\000e\000\040\000d\000o\000n\000n\000\351\000e\000s\000\040\000\050\000S\000t\000a\000g\000i\000n\000g\000D\000a\000t\000a\000S\000o\000u\000r\000c\000e\000\051}{chapter.3}% 62
\BOOKMARK [2][-]{subsubsection.3.3.0.1}{\376\377\000E\000x\000t\000r\000a\000c\000t\000:\000\040\000E\000x\000t\000r\000a\000c\000t\000i\000o\000n\000\040\000d\000e\000\040\000d\000o\000n\000n\000\351\000e\000s\000\040\000b\000r\000u\000t\000e\000s}{section.3.3}% 63
\BOOKMARK [3][-]{subsubsection.3.3.0.2}{\376\377\000T\000a\000n\000s\000f\000o\000r\000m\000\040\000:\000\040\000T\000r\000a\000n\000s\000f\000o\000r\000m\000a\000t\000i\000o\000n\000,\000\040\000h\000o\000m\000o\000g\000\351\000n\000\351\000i\000s\000a\000t\000i\000o\000n\000\040\000e\000t\000\040\000n\000e\000t\000t\000o\000y\000a\000g\000e\000\040\000d\000e\000\040\000c\000e\000s\000\040\000d\000o\000n\000n\000\351\000e\000s}{subsubsection.3.3.0.1}% 64
\BOOKMARK [1][-]{section.3.4}{\376\377\000C\000o\000u\000c\000h\000e\000\040\000d\000e\000\040\000s\000t\000o\000c\000k\000a\000g\000e\000\040\000d\000e\000\040\000d\000o\000n\000n\000\351\000e\000s\000\040\000\050\000D\000W\000H\000\051}{chapter.3}% 65
\BOOKMARK [1][-]{section.3.5}{\376\377\000C\000o\000u\000c\000h\000e\000\040\000d\000e\000\040\000p\000r\000\351\000s\000e\000n\000t\000a\000t\000i\000o\000n\000\040\000e\000t\000\040\000r\000e\000s\000t\000i\000t\000u\000t\000i\000o\000n\000\040\000d\000e\000\040\000d\000o\000n\000n\000\351\000e\000s}{chapter.3}% 66
\BOOKMARK [0][-]{chapter*.37}{\376\377\000B\000i\000b\000l\000i\000o\000g\000r\000a\000p\000h\000i\000e\000\040\000e\000t\000\040\000N\000e\000t\000o\000g\000r\000a\000p\000h\000i\000e}{}% 67
\BOOKMARK [0][-]{appendix.A}{\376\377\000A\000n\000n\000e\000x\000e\000s}{}% 68
\BOOKMARK [0][-]{appendix.A}{\376\377\000A\000n\000n\000e\000x\000e\000s}{}% 69
